<?xml version="1.0" encoding="UTF-8"?>
<testng-results skipped="0" failed="0" ignored="0" total="1" passed="1">
  <reporter-output>
    <line>
      <![CDATA[sucessful run]]>
    </line>
  </reporter-output>
  <suite name="Default suite" duration-ms="152" started-at="2020-08-06T16:57:56 IST" finished-at="2020-08-06T16:57:56 IST">
    <groups>
    </groups>
    <test name="Default test" duration-ms="152" started-at="2020-08-06T16:57:56 IST" finished-at="2020-08-06T16:57:56 IST">
      <class name="com.acttitime.Timetrack.Demo">
        <test-method status="PASS" signature="run()[pri:0, instance:com.acttitime.Timetrack.Demo@6895a785]" name="run" duration-ms="43" started-at="2020-08-06T16:57:56 IST" finished-at="2020-08-06T16:57:56 IST">
          <reporter-output>
            <line>
              <![CDATA[sucessful run]]>
            </line>
          </reporter-output>
        </test-method> <!-- run -->
      </class> <!-- com.acttitime.Timetrack.Demo -->
    </test> <!-- Default test -->
  </suite> <!-- Default suite -->
</testng-results>
